0 info it worked if it ends with ok
1 verbose cli [ 'node', '/usr/local/bin/npm', 'run', 'test' ]
2 info using npm@3.3.12
3 info using node@v0.12.4
4 verbose run-script [ 'pretest', 'test', 'posttest' ]
5 info lifecycle @back4app/antframework@1.0.0~pretest: @back4app/antframework@1.0.0
6 verbose lifecycle @back4app/antframework@1.0.0~pretest: unsafe-perm in lifecycle true
7 verbose lifecycle @back4app/antframework@1.0.0~pretest: PATH: /usr/local/lib/node_modules/npm/bin/node-gyp-bin:/back4app/antframework/node_modules/.bin:/Library/Frameworks/Python.framework/Versions/3.6/bin:/opt/local/bin:/opt/local/sbin:/opt/local/bin:/opt/local/sbin:/Library/Frameworks/Python.framework/Versions/3.4/bin:/usr/local/bin:/usr/bin:/bin:/usr/sbin:/sbin:/usr/local/share/dotnet:/opt/X11/bin:/Library/Frameworks/Mono.framework/Versions/Current/Commands:/Library/Frameworks/Python.framework/Versions/3.6/bin:/opt/local/bin:/opt/local/sbin:/Library/Frameworks/Python.framework/Versions/3.4/bin:/usr/local/mysql/bin:/Projetcs/android-sdk-macosx/platform-tools:/Users/davimacedo/.rvm/bin:/usr/local/mysql/bin:/Projetcs/android-sdk-macosx/platform-tools:/Users/davimacedo/.rvm/bin
8 verbose lifecycle @back4app/antframework@1.0.0~pretest: CWD: /back4app/antframework
9 silly lifecycle @back4app/antframework@1.0.0~pretest: Args: [ '-c', 'npm run lint' ]
10 silly lifecycle @back4app/antframework@1.0.0~pretest: Returned: code: 1  signal: null
11 info lifecycle @back4app/antframework@1.0.0~pretest: Failed to exec pretest script
12 verbose stack Error: @back4app/antframework@1.0.0 pretest: `npm run lint`
12 verbose stack Exit status 1
12 verbose stack     at EventEmitter.<anonymous> (/usr/local/lib/node_modules/npm/lib/utils/lifecycle.js:232:16)
12 verbose stack     at EventEmitter.emit (events.js:110:17)
12 verbose stack     at ChildProcess.<anonymous> (/usr/local/lib/node_modules/npm/lib/utils/spawn.js:24:14)
12 verbose stack     at ChildProcess.emit (events.js:110:17)
12 verbose stack     at maybeClose (child_process.js:1015:16)
12 verbose stack     at Process.ChildProcess._handle.onexit (child_process.js:1087:5)
13 verbose pkgid @back4app/antframework@1.0.0
14 verbose cwd /back4app/antframework
15 error Darwin 17.6.0
16 error argv "node" "/usr/local/bin/npm" "run" "test"
17 error node v0.12.4
18 error npm  v3.3.12
19 error code ELIFECYCLE
20 error @back4app/antframework@1.0.0 pretest: `npm run lint`
20 error Exit status 1
21 error Failed at the @back4app/antframework@1.0.0 pretest script 'npm run lint'.
21 error Make sure you have the latest version of node.js and npm installed.
21 error If you do, this is most likely a problem with the @back4app/antframework package,
21 error not with npm itself.
21 error Tell the author that this fails on your system:
21 error     npm run lint
21 error You can get their info via:
21 error     npm owner ls @back4app/antframework
21 error There is likely additional logging output above.
22 verbose exit [ 1, true ]
